<?xml version="1.0" encoding="UTF-8"?>
<!-- Generated by org.testng.reporters.JUnitReportReporter -->
<testsuite skipped="0" hostname="dell" name="testlogic.SignUp" tests="1" failures="0" timestamp="2020-10-05T02:45:15 EET" time="8.190" errors="0">
  <testcase name="testFindByCSSSelector" time="8.190" classname="testlogic.SignUp"/>
  <system-out/>
</testsuite> <!-- testlogic.SignUp -->
